
[BENCH] shuffle_l 1011 ms
[BENCH] shuffle_r 891 ms
[BENCH] shuffle_t 1903 ms
[BENCH] join 10321 ms
[BENCH] shuffle_l 901 ms
[BENCH] shuffle_r 1050 ms
[BENCH] shuffle_t 1952 ms
[BENCH] join 10775 ms
[BENCH] shuffle_l 1232 ms
[BENCH] shuffle_r 924 ms
[BENCH] shuffle_t 2157 ms
[BENCH] join 11152 ms
[BENCH] shuffle_l 1266 ms
[BENCH] shuffle_r 1091 ms
[BENCH] shuffle_t 2358 ms
[BENCH] join 11284 ms
[BENCH] shuffle_l 973 ms
[BENCH] shuffle_r 1286 ms
[BENCH] shuffle_t 2259 ms
[BENCH] join 11192 ms
[BENCH] shuffle_l 1257 ms
[BENCH] shuffle_r 1065 ms
[BENCH] shuffle_t 2323 ms
[BENCH] join 11128 ms
[BENCH] shuffle_l 1249 ms
[BENCH] shuffle_r 1075 ms
[BENCH] shuffle_t 2325 ms
[BENCH] join 11225 ms
[BENCH] shuffle_l 1236 ms
[BENCH] shuffle_r 1077 ms
[BENCH] shuffle_t 2314 ms
[BENCH] join 11200 ms
[BENCH] shuffle_l 1268 ms
[BENCH] shuffle_r 1104 ms
[BENCH] shuffle_t 2373 ms
[BENCH] join 11271 ms
[BENCH] shuffle_l 1286 ms
[BENCH] shuffle_r 1035 ms
[BENCH] shuffle_t 2322 ms
[BENCH] join 11102 ms
args:  {'script': ['join.py'], 'rows': [1000], 'world': [64, 128, 256, 512], 'it': 10, 'sargs': '-a sort -u 0.9 -c ucx'}
join.py rows 1000000000 world_size 64 starting!
running mpirun --map-by node --mca btl "vader,tcp,openib,self" --mca btl_tcp_if_include enp175s0f0 --mca btl_openib_allow_ib 1 --hostfile nodes.txt --bind-to core --bind-to socket --mca mpi_preconnect_mpi 1 -np 64 /N/u/d/dnperera/.conda/envs/cylonflow/bin/python /N/u2/d/dnperera/victor/git/cylon_experiments/cylon/join.py -r 1000000000 -i 10 -o /N/u2/d/dnperera/victor/git/cylon_experiments/cylon/results -a sort -u 0.9 -c ucx
[BENCH] shuffle_l 852 ms
[BENCH] shuffle_r 789 ms
[BENCH] shuffle_t 1642 ms
[BENCH] join 5287 ms
[BENCH] shuffle_l 831 ms
[BENCH] shuffle_r 918 ms
[BENCH] shuffle_t 1749 ms
[BENCH] join 5482 ms
[BENCH] shuffle_l 779 ms
[BENCH] shuffle_r 803 ms
[BENCH] shuffle_t 1583 ms
[BENCH] join 5573 ms
[BENCH] shuffle_l 822 ms
[BENCH] shuffle_r 900 ms
[BENCH] shuffle_t 1722 ms
[BENCH] join 5504 ms
[BENCH] shuffle_l 807 ms
[BENCH] shuffle_r 781 ms
[BENCH] shuffle_t 1589 ms
[BENCH] join 5476 ms
[BENCH] shuffle_l 774 ms
[BENCH] shuffle_r 828 ms
[BENCH] shuffle_t 1602 ms
[BENCH] join 5509 ms
[BENCH] shuffle_l 795 ms
[BENCH] shuffle_r 897 ms
[BENCH] shuffle_t 1693 ms
[BENCH] join 5398 ms
[BENCH] shuffle_l 803 ms
[BENCH] shuffle_r 837 ms
[BENCH] shuffle_t 1640 ms
[BENCH] join 5500 ms
[BENCH] shuffle_l 799 ms
[BENCH] shuffle_r 926 ms
[BENCH] shuffle_t 1725 ms
[BENCH] join 5456 ms
[BENCH] shuffle_l 784 ms
[BENCH] shuffle_r 797 ms
[BENCH] shuffle_t 1581 ms
[BENCH] join 5465 ms
join DONE! {'rows': 1000000000, 'it': 10, 'out': '/N/u2/d/dnperera/victor/git/cylon_experiments/cylon/results', 'unique': 0.9, 'comms': ['ucx'], 'cols': 2, 'algos': ['sort'], 'comm': 'ucx', 'algo': 'sort'}

join.py rows 1000000000 world_size 64 done!
join.py rows 1000000000 world_size 128 starting!
running mpirun --map-by node --mca btl "vader,tcp,openib,self" --mca btl_tcp_if_include enp175s0f0 --mca btl_openib_allow_ib 1 --hostfile nodes.txt --bind-to core --bind-to socket --mca mpi_preconnect_mpi 1 -np 128 /N/u/d/dnperera/.conda/envs/cylonflow/bin/python /N/u2/d/dnperera/victor/git/cylon_experiments/cylon/join.py -r 1000000000 -i 10 -o /N/u2/d/dnperera/victor/git/cylon_experiments/cylon/results -a sort -u 0.9 -c ucx
[BENCH] shuffle_l 1208 ms
[BENCH] shuffle_r 689 ms
[BENCH] shuffle_t 1898 ms
[BENCH] join 2628 ms
[BENCH] shuffle_l 655 ms
[BENCH] shuffle_r 724 ms
[BENCH] shuffle_t 1380 ms
[BENCH] join 2688 ms
[BENCH] shuffle_l 743 ms
[BENCH] shuffle_r 601 ms
[BENCH] shuffle_t 1344 ms
[BENCH] join 2755 ms
[BENCH] shuffle_l 696 ms
[BENCH] shuffle_r 737 ms
[BENCH] shuffle_t 1433 ms
[BENCH] join 2785 ms
[BENCH] shuffle_l 673 ms
[BENCH] shuffle_r 738 ms
[BENCH] shuffle_t 1412 ms
[BENCH] join 2704 ms
[BENCH] shuffle_l 675 ms
[BENCH] shuffle_r 732 ms
[BENCH] shuffle_t 1408 ms
[BENCH] join 2755 ms
[BENCH] shuffle_l 703 ms
[BENCH] shuffle_r 740 ms
[BENCH] shuffle_t 1444 ms
[BENCH] join 2755 ms
[BENCH] shuffle_l 702 ms
[BENCH] shuffle_r 737 ms
[BENCH] shuffle_t 1439 ms
[BENCH] join 2716 ms
[BENCH] shuffle_l 714 ms
[BENCH] shuffle_r 742 ms
[BENCH] shuffle_t 1456 ms
[BENCH] join 2718 ms
[BENCH] shuffle_l 729 ms
[BENCH] shuffle_r 714 ms
[BENCH] shuffle_t 1444 ms
[BENCH] join 2732 ms
join DONE! {'rows': 1000000000, 'it': 10, 'out': '/N/u2/d/dnperera/victor/git/cylon_experiments/cylon/results', 'unique': 0.9, 'comms': ['ucx'], 'cols': 2, 'algos': ['sort'], 'comm': 'ucx', 'algo': 'sort'}

join.py rows 1000000000 world_size 128 done!
join.py rows 1000000000 world_size 256 starting!
running mpirun --map-by node --mca btl "vader,tcp,openib,self" --mca btl_tcp_if_include enp175s0f0 --mca btl_openib_allow_ib 1 --hostfile nodes.txt --bind-to core --bind-to socket --mca mpi_preconnect_mpi 1 -np 256 /N/u/d/dnperera/.conda/envs/cylonflow/bin/python /N/u2/d/dnperera/victor/git/cylon_experiments/cylon/join.py -r 1000000000 -i 10 -o /N/u2/d/dnperera/victor/git/cylon_experiments/cylon/results -a sort -u 0.9 -c ucx
[BENCH] shuffle_l 3755 ms
[BENCH] shuffle_r 12469 ms
[BENCH] shuffle_t 16225 ms
[BENCH] join 1313 ms
[BENCH] shuffle_l 630 ms
[BENCH] shuffle_r 703 ms
[BENCH] shuffle_t 1333 ms
[BENCH] join 1313 ms
[BENCH] shuffle_l 657 ms
[BENCH] shuffle_r 722 ms
[BENCH] shuffle_t 1379 ms
[BENCH] join 1358 ms
[BENCH] shuffle_l 687 ms
[BENCH] shuffle_r 758 ms
[BENCH] shuffle_t 1446 ms
[BENCH] join 1367 ms
[BENCH] shuffle_l 718 ms
[BENCH] shuffle_r 755 ms
[BENCH] shuffle_t 1473 ms
[BENCH] join 1347 ms
[BENCH] shuffle_l 756 ms
[BENCH] shuffle_r 768 ms
[BENCH] shuffle_t 1524 ms
[BENCH] join 1321 ms
[BENCH] shuffle_l 745 ms
[BENCH] shuffle_r 788 ms
[BENCH] shuffle_t 1534 ms
[BENCH] join 1315 ms
[BENCH] shuffle_l 743 ms
[BENCH] shuffle_r 792 ms
[BENCH] shuffle_t 1535 ms
[BENCH] join 1314 ms
[BENCH] shuffle_l 757 ms
[BENCH] shuffle_r 739 ms
[BENCH] shuffle_t 1496 ms
[BENCH] join 1323 ms
[BENCH] shuffle_l 757 ms
[BENCH] shuffle_r 778 ms
[BENCH] shuffle_t 1536 ms
[BENCH] join 1358 ms
join DONE! {'rows': 1000000000, 'it': 10, 'out': '/N/u2/d/dnperera/victor/git/cylon_experiments/cylon/results', 'unique': 0.9, 'comms': ['ucx'], 'cols': 2, 'algos': ['sort'], 'comm': 'ucx', 'algo': 'sort'}

join.py rows 1000000000 world_size 256 done!
join.py rows 1000000000 world_size 512 starting!
running mpirun --map-by node --mca btl "vader,tcp,openib,self" --mca btl_tcp_if_include enp175s0f0 --mca btl_openib_allow_ib 1 --hostfile nodes.txt --bind-to core --bind-to socket --mca mpi_preconnect_mpi 1 -np 512 /N/u/d/dnperera/.conda/envs/cylonflow/bin/python /N/u2/d/dnperera/victor/git/cylon_experiments/cylon/join.py -r 1000000000 -i 10 -o /N/u2/d/dnperera/victor/git/cylon_experiments/cylon/results -a sort -u 0.9 -c ucx
[BENCH] shuffle_l 4765 ms
[BENCH] shuffle_r 2900 ms
[BENCH] shuffle_t 7666 ms
[BENCH] join 747 ms
[BENCH] shuffle_l 947 ms
[BENCH] shuffle_r 976 ms
[BENCH] shuffle_t 1924 ms
[BENCH] join 735 ms
[BENCH] shuffle_l 903 ms
[BENCH] shuffle_r 1004 ms
[BENCH] shuffle_t 1908 ms
[BENCH] join 742 ms
[BENCH] shuffle_l 923 ms
[BENCH] shuffle_r 1090 ms
[BENCH] shuffle_t 2014 ms
[BENCH] join 766 ms
[BENCH] shuffle_l 993 ms
[BENCH] shuffle_r 1153 ms
[BENCH] shuffle_t 2147 ms
[BENCH] join 750 ms
[BENCH] shuffle_l 1066 ms
[BENCH] shuffle_r 1155 ms
[BENCH] shuffle_t 2221 ms
[BENCH] join 744 ms
[BENCH] shuffle_l 1167 ms
[BENCH] shuffle_r 1203 ms
[BENCH] shuffle_t 2371 ms
[BENCH] join 760 ms
[BENCH] shuffle_l 1045 ms
[BENCH] shuffle_r 1150 ms
[BENCH] shuffle_t 2195 ms
[BENCH] join 764 ms
[BENCH] shuffle_l 1108 ms
[BENCH] shuffle_r 1209 ms
[BENCH] shuffle_t 2318 ms
[BENCH] join 737 ms
[BENCH] shuffle_l 1086 ms
[BENCH] shuffle_r 1226 ms
[BENCH] shuffle_t 2312 ms
[BENCH] join 757 ms
join DONE! {'rows': 1000000000, 'it': 10, 'out': '/N/u2/d/dnperera/victor/git/cylon_experiments/cylon/results', 'unique': 0.9, 'comms': ['ucx'], 'cols': 2, 'algos': ['sort'], 'comm': 'ucx', 'algo': 'sort'}

join.py rows 1000000000 world_size 512 done!
join.py done!
 ====================================== 

